{"meta": {"format": 3, "version": "7.10.6", "timestamp": "2025-09-20T19:22:52.348955", "branch_coverage": false, "show_contexts": false}, "files": {"src\\__init__.py": {"executed_lines": [1, 8], "summary": {"covered_lines": 1, "num_statements": 1, "percent_covered": 100.0, "percent_covered_display": "100", "missing_lines": 0, "excluded_lines": 0}, "missing_lines": [], "excluded_lines": [], "functions": {"": {"executed_lines": [1, 8], "summary": {"covered_lines": 1, "num_statements": 1, "percent_covered": 100.0, "percent_covered_display": "100", "missing_lines": 0, "excluded_lines": 0}, "missing_lines": [], "excluded_lines": []}}, "classes": {"": {"executed_lines": [1, 8], "summary": {"covered_lines": 1, "num_statements": 1, "percent_covered": 100.0, "percent_covered_display": "100", "missing_lines": 0, "excluded_lines": 0}, "missing_lines": [], "excluded_lines": []}}}, "src\\api\\gh_client.py": {"executed_lines": [1, 2, 3, 4, 5, 7, 8, 9, 12, 13, 14, 15, 16, 17, 18, 21, 22, 23, 24, 25, 26, 27, 28, 32, 35, 36, 37, 38, 40, 45, 46, 57, 58, 59, 61, 62, 64, 69, 71, 72, 75, 76, 77, 78, 82, 83, 94, 100, 117, 127, 128, 129, 130, 136], "summary": {"covered_lines": 54, "num_statements": 87, "percent_covered": 62.06896551724138, "percent_covered_display": "62", "missing_lines": 33, "excluded_lines": 0}, "missing_lines": [29, 41, 42, 70, 84, 85, 86, 95, 96, 97, 98, 101, 102, 103, 104, 107, 108, 109, 110, 111, 112, 113, 118, 119, 120, 121, 122, 123, 125, 131, 132, 133, 134], "excluded_lines": [], "functions": {"_retry": {"executed_lines": [22, 23, 24, 25, 26, 27, 28], "summary": {"covered_lines": 7, "num_statements": 8, "percent_covered": 87.5, "percent_covered_display": "88", "missing_lines": 1, "excluded_lines": 0}, "missing_lines": [29], "excluded_lines": []}, "_TimeoutHTTPAdapter.__init__": {"executed_lines": [37, 38], "summary": {"covered_lines": 2, "num_statements": 2, "percent_covered": 100.0, "percent_covered_display": "100", "missing_lines": 0, "excluded_lines": 0}, "missing_lines": [], "excluded_lines": []}, "_TimeoutHTTPAdapter.send": {"executed_lines": [], "summary": {"covered_lines": 0, "num_statements": 2, "percent_covered": 0.0, "percent_covered_display": "0", "missing_lines": 2, "excluded_lines": 0}, "missing_lines": [41, 42], "excluded_lines": []}, "_retry_policy": {"executed_lines": [46], "summary": {"covered_lines": 1, "num_statements": 1, "percent_covered": 100.0, "percent_covered_display": "100", "missing_lines": 0, "excluded_lines": 0}, "missing_lines": [], "excluded_lines": []}, "_make_session": {"executed_lines": [58, 59, 61, 62, 64, 69, 71, 72], "summary": {"covered_lines": 8, "num_statements": 9, "percent_covered": 88.88888888888889, "percent_covered_display": "89", "missing_lines": 1, "excluded_lines": 0}, "missing_lines": [70], "excluded_lines": []}, "GHClient.__init__": {"executed_lines": [77, 78], "summary": {"covered_lines": 2, "num_statements": 2, "percent_covered": 100.0, "percent_covered_display": "100", "missing_lines": 0, "excluded_lines": 0}, "missing_lines": [], "excluded_lines": []}, "GHClient.get_repo": {"executed_lines": [83], "summary": {"covered_lines": 1, "num_statements": 4, "percent_covered": 25.0, "percent_covered_display": "25", "missing_lines": 3, "excluded_lines": 0}, "missing_lines": [84, 85, 86], "excluded_lines": []}, "GHClient.get_readme_markdown": {"executed_lines": [], "summary": {"covered_lines": 0, "num_statements": 4, "percent_covered": 0.0, "percent_covered_display": "0", "missing_lines": 4, "excluded_lines": 0}, "missing_lines": [95, 96, 97, 98], "excluded_lines": []}, "GHClient.list_contributors": {"executed_lines": [], "summary": {"covered_lines": 0, "num_statements": 11, "percent_covered": 0.0, "percent_covered_display": "0", "missing_lines": 11, "excluded_lines": 0}, "missing_lines": [101, 102, 103, 104, 107, 108, 109, 110, 111, 112, 113], "excluded_lines": []}, "GHClient._get_text_absolute": {"executed_lines": [], "summary": {"covered_lines": 0, "num_statements": 2, "percent_covered": 0.0, "percent_covered_display": "0", "missing_lines": 2, "excluded_lines": 0}, "missing_lines": [118, 125], "excluded_lines": []}, "GHClient._get_text_absolute._go": {"executed_lines": [], "summary": {"covered_lines": 0, "num_statements": 5, "percent_covered": 0.0, "percent_covered_display": "0", "missing_lines": 5, "excluded_lines": 0}, "missing_lines": [119, 120, 121, 122, 123], "excluded_lines": []}, "GHClient._get_json": {"executed_lines": [128, 136], "summary": {"covered_lines": 2, "num_statements": 2, "percent_covered": 100.0, "percent_covered_display": "100", "missing_lines": 0, "excluded_lines": 0}, "missing_lines": [], "excluded_lines": []}, "GHClient._get_json._go": {"executed_lines": [129, 130], "summary": {"covered_lines": 2, "num_statements": 6, "percent_covered": 33.333333333333336, "percent_covered_display": "33", "missing_lines": 4, "excluded_lines": 0}, "missing_lines": [131, 132, 133, 134], "excluded_lines": []}, "": {"executed_lines": [1, 2, 3, 4, 5, 7, 8, 9, 12, 13, 14, 15, 16, 17, 18, 21, 32, 35, 36, 40, 45, 57, 75, 76, 82, 94, 100, 117, 127], "summary": {"covered_lines": 29, "num_statements": 29, "percent_covered": 100.0, "percent_covered_display": "100", "missing_lines": 0, "excluded_lines": 0}, "missing_lines": [], "excluded_lines": []}}, "classes": {"GHRepoInfo": {"executed_lines": [], "summary": {"covered_lines": 0, "num_statements": 0, "percent_covered": 100.0, "percent_covered_display": "100", "missing_lines": 0, "excluded_lines": 0}, "missing_lines": [], "excluded_lines": []}, "_TimeoutHTTPAdapter": {"executed_lines": [37, 38], "summary": {"covered_lines": 2, "num_statements": 4, "percent_covered": 50.0, "percent_covered_display": "50", "missing_lines": 2, "excluded_lines": 0}, "missing_lines": [41, 42], "excluded_lines": []}, "GHClient": {"executed_lines": [77, 78, 83, 128, 129, 130, 136], "summary": {"covered_lines": 7, "num_statements": 36, "percent_covered": 19.444444444444443, "percent_covered_display": "19", "missing_lines": 29, "excluded_lines": 0}, "missing_lines": [84, 85, 86, 95, 96, 97, 98, 101, 102, 103, 104, 107, 108, 109, 110, 111, 112, 113, 118, 119, 120, 121, 122, 123, 125, 131, 132, 133, 134], "excluded_lines": []}, "": {"executed_lines": [1, 2, 3, 4, 5, 7, 8, 9, 12, 13, 14, 15, 16, 17, 18, 21, 22, 23, 24, 25, 26, 27, 28, 32, 35, 36, 40, 45, 46, 57, 58, 59, 61, 62, 64, 69, 71, 72, 75, 76, 82, 94, 100, 117, 127], "summary": {"covered_lines": 45, "num_statements": 47, "percent_covered": 95.74468085106383, "percent_covered_display": "96", "missing_lines": 2, "excluded_lines": 0}, "missing_lines": [29, 70], "excluded_lines": []}}}, "src\\api\\hf_client.py": {"executed_lines": [1, 2, 3, 4, 6, 7, 8, 9, 10, 17, 18, 19, 20, 22, 27, 28, 39, 40, 41, 43, 44, 46, 50, 52, 53, 58, 59, 60, 61, 62, 63, 64, 65, 66, 67, 68, 69, 72, 73, 74, 75, 80, 93, 94, 96, 97, 98, 99, 103, 107, 111, 134, 146, 157, 171, 178], "summary": {"covered_lines": 55, "num_statements": 98, "percent_covered": 56.12244897959184, "percent_covered_display": "56", "missing_lines": 43, "excluded_lines": 0}, "missing_lines": [23, 24, 51, 81, 82, 83, 84, 85, 86, 87, 88, 104, 105, 108, 109, 118, 119, 122, 123, 128, 129, 130, 131, 132, 135, 140, 141, 142, 143, 144, 152, 153, 158, 172, 173, 174, 175, 176, 179, 180, 181, 182, 183], "excluded_lines": [], "functions": {"_TimeoutHTTPAdapter.__init__": {"executed_lines": [19, 20], "summary": {"covered_lines": 2, "num_statements": 2, "percent_covered": 100.0, "percent_covered_display": "100", "missing_lines": 0, "excluded_lines": 0}, "missing_lines": [], "excluded_lines": []}, "_TimeoutHTTPAdapter.send": {"executed_lines": [], "summary": {"covered_lines": 0, "num_statements": 2, "percent_covered": 0.0, "percent_covered_display": "0", "missing_lines": 2, "excluded_lines": 0}, "missing_lines": [23, 24], "excluded_lines": []}, "_retry_policy": {"executed_lines": [28], "summary": {"covered_lines": 1, "num_statements": 1, "percent_covered": 100.0, "percent_covered_display": "100", "missing_lines": 0, "excluded_lines": 0}, "missing_lines": [], "excluded_lines": []}, "_make_session": {"executed_lines": [40, 41, 43, 44, 46, 50, 52, 53], "summary": {"covered_lines": 8, "num_statements": 9, "percent_covered": 88.88888888888889, "percent_covered_display": "89", "missing_lines": 1, "excluded_lines": 0}, "missing_lines": [51], "excluded_lines": []}, "_retry": {"executed_lines": [], "summary": {"covered_lines": 0, "num_statements": 8, "percent_covered": 0.0, "percent_covered_display": "0", "missing_lines": 8, "excluded_lines": 0}, "missing_lines": [81, 82, 83, 84, 85, 86, 87, 88], "excluded_lines": []}, "HFClient.__init__": {"executed_lines": [97, 98, 99], "summary": {"covered_lines": 3, "num_statements": 3, "percent_covered": 100.0, "percent_covered_display": "100", "missing_lines": 0, "excluded_lines": 0}, "missing_lines": [], "excluded_lines": []}, "HFClient.get_model_info": {"executed_lines": [], "summary": {"covered_lines": 0, "num_statements": 2, "percent_covered": 0.0, "percent_covered_display": "0", "missing_lines": 2, "excluded_lines": 0}, "missing_lines": [104, 105], "excluded_lines": []}, "HFClient.get_dataset_info": {"executed_lines": [], "summary": {"covered_lines": 0, "num_statements": 2, "percent_covered": 0.0, "percent_covered_display": "0", "missing_lines": 2, "excluded_lines": 0}, "missing_lines": [108, 109], "excluded_lines": []}, "HFClient.list_files": {"executed_lines": [], "summary": {"covered_lines": 0, "num_statements": 9, "percent_covered": 0.0, "percent_covered_display": "0", "missing_lines": 9, "excluded_lines": 0}, "missing_lines": [118, 119, 122, 123, 128, 129, 130, 131, 132], "excluded_lines": []}, "HFClient.get_readme": {"executed_lines": [], "summary": {"covered_lines": 0, "num_statements": 6, "percent_covered": 0.0, "percent_covered_display": "0", "missing_lines": 6, "excluded_lines": 0}, "missing_lines": [135, 140, 141, 142, 143, 144], "excluded_lines": []}, "HFClient.get_model_index_json": {"executed_lines": [], "summary": {"covered_lines": 0, "num_statements": 2, "percent_covered": 0.0, "percent_covered_display": "0", "missing_lines": 2, "excluded_lines": 0}, "missing_lines": [152, 153], "excluded_lines": []}, "HFClient._to_info": {"executed_lines": [], "summary": {"covered_lines": 0, "num_statements": 1, "percent_covered": 0.0, "percent_covered_display": "0", "missing_lines": 1, "excluded_lines": 0}, "missing_lines": [158], "excluded_lines": []}, "HFClient._get_text": {"executed_lines": [], "summary": {"covered_lines": 0, "num_statements": 5, "percent_covered": 0.0, "percent_covered_display": "0", "missing_lines": 5, "excluded_lines": 0}, "missing_lines": [172, 173, 174, 175, 176], "excluded_lines": []}, "HFClient._get_json": {"executed_lines": [], "summary": {"covered_lines": 0, "num_statements": 5, "percent_covered": 0.0, "percent_covered_display": "0", "missing_lines": 5, "excluded_lines": 0}, "missing_lines": [179, 180, 181, 182, 183], "excluded_lines": []}, "": {"executed_lines": [1, 2, 3, 4, 6, 7, 8, 9, 10, 17, 18, 22, 27, 39, 58, 59, 60, 61, 62, 63, 64, 65, 66, 67, 68, 69, 72, 73, 74, 75, 80, 93, 94, 96, 103, 107, 111, 134, 146, 157, 171, 178], "summary": {"covered_lines": 41, "num_statements": 41, "percent_covered": 100.0, "percent_covered_display": "100", "missing_lines": 0, "excluded_lines": 0}, "missing_lines": [], "excluded_lines": []}}, "classes": {"_TimeoutHTTPAdapter": {"executed_lines": [19, 20], "summary": {"covered_lines": 2, "num_statements": 4, "percent_covered": 50.0, "percent_covered_display": "50", "missing_lines": 2, "excluded_lines": 0}, "missing_lines": [23, 24], "excluded_lines": []}, "HFModelInfo": {"executed_lines": [], "summary": {"covered_lines": 0, "num_statements": 0, "percent_covered": 100.0, "percent_covered_display": "100", "missing_lines": 0, "excluded_lines": 0}, "missing_lines": [], "excluded_lines": []}, "HFFileInfo": {"executed_lines": [], "summary": {"covered_lines": 0, "num_statements": 0, "percent_covered": 100.0, "percent_covered_display": "100", "missing_lines": 0, "excluded_lines": 0}, "missing_lines": [], "excluded_lines": []}, "HFClient": {"executed_lines": [97, 98, 99], "summary": {"covered_lines": 3, "num_statements": 35, "percent_covered": 8.571428571428571, "percent_covered_display": "9", "missing_lines": 32, "excluded_lines": 0}, "missing_lines": [104, 105, 108, 109, 118, 119, 122, 123, 128, 129, 130, 131, 132, 135, 140, 141, 142, 143, 144, 152, 153, 158, 172, 173, 174, 175, 176, 179, 180, 181, 182, 183], "excluded_lines": []}, "": {"executed_lines": [1, 2, 3, 4, 6, 7, 8, 9, 10, 17, 18, 22, 27, 28, 39, 40, 41, 43, 44, 46, 50, 52, 53, 58, 59, 60, 61, 62, 63, 64, 65, 66, 67, 68, 69, 72, 73, 74, 75, 80, 93, 94, 96, 103, 107, 111, 134, 146, 157, 171, 178], "summary": {"covered_lines": 50, "num_statements": 59, "percent_covered": 84.7457627118644, "percent_covered_display": "85", "missing_lines": 9, "excluded_lines": 0}, "missing_lines": [51, 81, 82, 83, 84, 85, 86, 87, 88], "excluded_lines": []}}}, "src\\app.py": {"executed_lines": [1, 2, 3, 6, 7, 8, 10, 11, 14, 15, 16, 17, 19, 23, 24, 25, 26, 27, 28, 29, 30, 31, 32, 35], "summary": {"covered_lines": 24, "num_statements": 25, "percent_covered": 96.0, "percent_covered_display": "96", "missing_lines": 1, "excluded_lines": 0}, "missing_lines": [36], "excluded_lines": [], "functions": {"main": {"executed_lines": [7, 8, 10, 11, 14, 15, 16, 17, 19], "summary": {"covered_lines": 9, "num_statements": 9, "percent_covered": 100.0, "percent_covered_display": "100", "missing_lines": 0, "excluded_lines": 0}, "missing_lines": [], "excluded_lines": []}, "read_urls": {"executed_lines": [24, 25, 26, 27, 28, 29, 30, 31, 32], "summary": {"covered_lines": 9, "num_statements": 9, "percent_covered": 100.0, "percent_covered_display": "100", "missing_lines": 0, "excluded_lines": 0}, "missing_lines": [], "excluded_lines": []}, "": {"executed_lines": [1, 2, 3, 6, 23, 35], "summary": {"covered_lines": 6, "num_statements": 7, "percent_covered": 85.71428571428571, "percent_covered_display": "86", "missing_lines": 1, "excluded_lines": 0}, "missing_lines": [36], "excluded_lines": []}}, "classes": {"": {"executed_lines": [1, 2, 3, 6, 7, 8, 10, 11, 14, 15, 16, 17, 19, 23, 24, 25, 26, 27, 28, 29, 30, 31, 32, 35], "summary": {"covered_lines": 24, "num_statements": 25, "percent_covered": 96.0, "percent_covered_display": "96", "missing_lines": 1, "excluded_lines": 0}, "missing_lines": [36], "excluded_lines": []}}}, "src\\handlers.py": {"executed_lines": [1, 3, 4, 5, 6, 12, 13, 14, 17, 18, 20, 21, 23, 25, 29, 30, 32, 33, 34, 36, 38, 39, 41, 42, 43, 45, 47, 48, 50, 51, 52, 53, 54, 55, 56, 57, 58, 59, 60, 61, 63, 65, 73, 74, 75, 76, 77, 79, 80, 81, 82, 83, 85, 86, 87, 88, 90, 91, 93, 94, 95, 96, 97, 105, 108, 109, 111, 112, 113, 115, 117, 118, 120, 121, 122, 124, 126, 127, 129, 130, 131, 132, 133, 134, 135, 136, 137, 138, 139, 140, 142, 143, 145, 146, 147, 148, 149, 151, 152, 153, 154, 156, 157, 159, 160, 161, 162, 163, 171, 174, 175, 177, 178, 179, 181, 183, 184, 186, 187, 188, 190, 193, 194, 196, 197, 198, 199, 201, 202, 203, 204, 206, 207, 208, 211, 218, 219, 221, 235, 244, 249, 254], "summary": {"covered_lines": 137, "num_statements": 160, "percent_covered": 85.625, "percent_covered_display": "86", "missing_lines": 23, "excluded_lines": 0}, "missing_lines": [99, 100, 101, 102, 103, 165, 166, 167, 168, 169, 232, 233, 236, 237, 238, 239, 241, 245, 246, 250, 251, 255, 256], "excluded_lines": [], "functions": {"UrlHandler.__init__": {"executed_lines": [21], "summary": {"covered_lines": 1, "num_statements": 1, "percent_covered": 100.0, "percent_covered_display": "100", "missing_lines": 0, "excluded_lines": 0}, "missing_lines": [], "excluded_lines": []}, "UrlHandler.fetchMetaData": {"executed_lines": [25], "summary": {"covered_lines": 1, "num_statements": 1, "percent_covered": 100.0, "percent_covered_display": "100", "missing_lines": 0, "excluded_lines": 0}, "missing_lines": [], "excluded_lines": []}, "ModelUrlHandler.__init__": {"executed_lines": [33, 34], "summary": {"covered_lines": 2, "num_statements": 2, "percent_covered": 100.0, "percent_covered_display": "100", "missing_lines": 0, "excluded_lines": 0}, "missing_lines": [], "excluded_lines": []}, "ModelUrlHandler.fetchMetaData": {"executed_lines": [38, 39, 41, 42, 43, 45, 47, 48, 50, 51, 52, 53, 54, 55, 56, 57, 58, 59, 60, 61, 63, 65, 73, 74, 75, 76, 77, 79, 80, 81, 82, 83, 85, 86, 87, 88, 90, 91, 93, 94, 95, 96, 97, 105], "summary": {"covered_lines": 44, "num_statements": 49, "percent_covered": 89.79591836734694, "percent_covered_display": "90", "missing_lines": 5, "excluded_lines": 0}, "missing_lines": [99, 100, 101, 102, 103], "excluded_lines": []}, "DatasetUrlHandler.__init__": {"executed_lines": [112, 113], "summary": {"covered_lines": 2, "num_statements": 2, "percent_covered": 100.0, "percent_covered_display": "100", "missing_lines": 0, "excluded_lines": 0}, "missing_lines": [], "excluded_lines": []}, "DatasetUrlHandler.fetchMetaData": {"executed_lines": [117, 118, 120, 121, 122, 124, 126, 127, 129, 130, 131, 132, 133, 134, 135, 136, 137, 138, 139, 140, 142, 143, 145, 146, 147, 148, 149, 151, 152, 153, 154, 156, 157, 159, 160, 161, 162, 163, 171], "summary": {"covered_lines": 39, "num_statements": 44, "percent_covered": 88.63636363636364, "percent_covered_display": "89", "missing_lines": 5, "excluded_lines": 0}, "missing_lines": [165, 166, 167, 168, 169], "excluded_lines": []}, "CodeUrlHandler.__init__": {"executed_lines": [178, 179], "summary": {"covered_lines": 2, "num_statements": 2, "percent_covered": 100.0, "percent_covered_display": "100", "missing_lines": 0, "excluded_lines": 0}, "missing_lines": [], "excluded_lines": []}, "CodeUrlHandler.fetchMetaData": {"executed_lines": [183, 184, 186, 187, 188, 190, 193, 194, 196, 197, 198, 199, 201, 202, 203, 204, 206, 207, 208, 211, 218, 219, 221, 235], "summary": {"covered_lines": 24, "num_statements": 31, "percent_covered": 77.41935483870968, "percent_covered_display": "77", "missing_lines": 7, "excluded_lines": 0}, "missing_lines": [232, 233, 236, 237, 238, 239, 241], "excluded_lines": []}, "build_model_context": {"executed_lines": [], "summary": {"covered_lines": 0, "num_statements": 2, "percent_covered": 0.0, "percent_covered_display": "0", "missing_lines": 2, "excluded_lines": 0}, "missing_lines": [245, 246], "excluded_lines": []}, "build_dataset_context": {"executed_lines": [], "summary": {"covered_lines": 0, "num_statements": 2, "percent_covered": 0.0, "percent_covered_display": "0", "missing_lines": 2, "excluded_lines": 0}, "missing_lines": [250, 251], "excluded_lines": []}, "build_code_context": {"executed_lines": [], "summary": {"covered_lines": 0, "num_statements": 2, "percent_covered": 0.0, "percent_covered_display": "0", "missing_lines": 2, "excluded_lines": 0}, "missing_lines": [255, 256], "excluded_lines": []}, "": {"executed_lines": [1, 3, 4, 5, 6, 12, 13, 14, 17, 18, 20, 23, 29, 30, 32, 36, 108, 109, 111, 115, 174, 175, 177, 181, 244, 249, 254], "summary": {"covered_lines": 22, "num_statements": 22, "percent_covered": 100.0, "percent_covered_display": "100", "missing_lines": 0, "excluded_lines": 0}, "missing_lines": [], "excluded_lines": []}}, "classes": {"UrlHandler": {"executed_lines": [21, 25], "summary": {"covered_lines": 2, "num_statements": 2, "percent_covered": 100.0, "percent_covered_display": "100", "missing_lines": 0, "excluded_lines": 0}, "missing_lines": [], "excluded_lines": []}, "ModelUrlHandler": {"executed_lines": [33, 34, 38, 39, 41, 42, 43, 45, 47, 48, 50, 51, 52, 53, 54, 55, 56, 57, 58, 59, 60, 61, 63, 65, 73, 74, 75, 76, 77, 79, 80, 81, 82, 83, 85, 86, 87, 88, 90, 91, 93, 94, 95, 96, 97, 105], "summary": {"covered_lines": 46, "num_statements": 51, "percent_covered": 90.19607843137256, "percent_covered_display": "90", "missing_lines": 5, "excluded_lines": 0}, "missing_lines": [99, 100, 101, 102, 103], "excluded_lines": []}, "DatasetUrlHandler": {"executed_lines": [112, 113, 117, 118, 120, 121, 122, 124, 126, 127, 129, 130, 131, 132, 133, 134, 135, 136, 137, 138, 139, 140, 142, 143, 145, 146, 147, 148, 149, 151, 152, 153, 154, 156, 157, 159, 160, 161, 162, 163, 171], "summary": {"covered_lines": 41, "num_statements": 46, "percent_covered": 89.1304347826087, "percent_covered_display": "89", "missing_lines": 5, "excluded_lines": 0}, "missing_lines": [165, 166, 167, 168, 169], "excluded_lines": []}, "CodeUrlHandler": {"executed_lines": [178, 179, 183, 184, 186, 187, 188, 190, 193, 194, 196, 197, 198, 199, 201, 202, 203, 204, 206, 207, 208, 211, 218, 219, 221, 235], "summary": {"covered_lines": 26, "num_statements": 33, "percent_covered": 78.78787878787878, "percent_covered_display": "79", "missing_lines": 7, "excluded_lines": 0}, "missing_lines": [232, 233, 236, 237, 238, 239, 241], "excluded_lines": []}, "": {"executed_lines": [1, 3, 4, 5, 6, 12, 13, 14, 17, 18, 20, 23, 29, 30, 32, 36, 108, 109, 111, 115, 174, 175, 177, 181, 244, 249, 254], "summary": {"covered_lines": 22, "num_statements": 28, "percent_covered": 78.57142857142857, "percent_covered_display": "79", "missing_lines": 6, "excluded_lines": 0}, "missing_lines": [245, 246, 250, 251, 255, 256], "excluded_lines": []}}}, "src\\metric_eval.py": {"executed_lines": [1, 2, 3, 6, 7, 12, 13, 15, 21, 22, 23, 24, 25, 26, 28, 29, 33, 35, 45, 46, 49, 54, 55], "summary": {"covered_lines": 23, "num_statements": 24, "percent_covered": 95.83333333333333, "percent_covered_display": "96", "missing_lines": 1, "excluded_lines": 0}, "missing_lines": [47], "excluded_lines": [], "functions": {"MetricEval.__init__": {"executed_lines": [12, 13], "summary": {"covered_lines": 2, "num_statements": 2, "percent_covered": 100.0, "percent_covered_display": "100", "missing_lines": 0, "excluded_lines": 0}, "missing_lines": [], "excluded_lines": []}, "MetricEval.evaluateAll": {"executed_lines": [21, 28, 29, 33], "summary": {"covered_lines": 4, "num_statements": 4, "percent_covered": 100.0, "percent_covered_display": "100", "missing_lines": 0, "excluded_lines": 0}, "missing_lines": [], "excluded_lines": []}, "MetricEval.evaluateAll.safe_eval": {"executed_lines": [22, 23, 24, 25, 26], "summary": {"covered_lines": 5, "num_statements": 5, "percent_covered": 100.0, "percent_covered_display": "100", "missing_lines": 0, "excluded_lines": 0}, "missing_lines": [], "excluded_lines": []}, "MetricEval.aggregateScores": {"executed_lines": [45, 46, 49, 54, 55], "summary": {"covered_lines": 5, "num_statements": 6, "percent_covered": 83.33333333333333, "percent_covered_display": "83", "missing_lines": 1, "excluded_lines": 0}, "missing_lines": [47], "excluded_lines": []}, "": {"executed_lines": [1, 2, 3, 6, 7, 15, 35], "summary": {"covered_lines": 7, "num_statements": 7, "percent_covered": 100.0, "percent_covered_display": "100", "missing_lines": 0, "excluded_lines": 0}, "missing_lines": [], "excluded_lines": []}}, "classes": {"MetricEval": {"executed_lines": [12, 13, 21, 22, 23, 24, 25, 26, 28, 29, 33, 45, 46, 49, 54, 55], "summary": {"covered_lines": 16, "num_statements": 17, "percent_covered": 94.11764705882354, "percent_covered_display": "94", "missing_lines": 1, "excluded_lines": 0}, "missing_lines": [47], "excluded_lines": []}, "": {"executed_lines": [1, 2, 3, 6, 7, 15, 35], "summary": {"covered_lines": 7, "num_statements": 7, "percent_covered": 100.0, "percent_covered_display": "100", "missing_lines": 0, "excluded_lines": 0}, "missing_lines": [], "excluded_lines": []}}}, "src\\metrics\\__init__.py": {"executed_lines": [0], "summary": {"covered_lines": 0, "num_statements": 0, "percent_covered": 100.0, "percent_covered_display": "100", "missing_lines": 0, "excluded_lines": 0}, "missing_lines": [], "excluded_lines": [], "functions": {"": {"executed_lines": [], "summary": {"covered_lines": 0, "num_statements": 0, "percent_covered": 100.0, "percent_covered_display": "100", "missing_lines": 0, "excluded_lines": 0}, "missing_lines": [], "excluded_lines": []}}, "classes": {"": {"executed_lines": [], "summary": {"covered_lines": 0, "num_statements": 0, "percent_covered": 100.0, "percent_covered_display": "100", "missing_lines": 0, "excluded_lines": 0}, "missing_lines": [], "excluded_lines": []}}}, "src\\metrics\\base_metric.py": {"executed_lines": [1, 4, 5, 12, 20, 21, 23, 24, 37, 39], "summary": {"covered_lines": 9, "num_statements": 10, "percent_covered": 90.0, "percent_covered_display": "90", "missing_lines": 1, "excluded_lines": 0}, "missing_lines": [35], "excluded_lines": [], "functions": {"BaseMetric.__init__": {"executed_lines": [20, 21], "summary": {"covered_lines": 2, "num_statements": 2, "percent_covered": 100.0, "percent_covered_display": "100", "missing_lines": 0, "excluded_lines": 0}, "missing_lines": [], "excluded_lines": []}, "BaseMetric.evaluate": {"executed_lines": [], "summary": {"covered_lines": 0, "num_statements": 1, "percent_covered": 0.0, "percent_covered_display": "0", "missing_lines": 1, "excluded_lines": 0}, "missing_lines": [35], "excluded_lines": []}, "BaseMetric.__str__": {"executed_lines": [39], "summary": {"covered_lines": 1, "num_statements": 1, "percent_covered": 100.0, "percent_covered_display": "100", "missing_lines": 0, "excluded_lines": 0}, "missing_lines": [], "excluded_lines": []}, "": {"executed_lines": [1, 4, 5, 12, 23, 24, 37], "summary": {"covered_lines": 6, "num_statements": 6, "percent_covered": 100.0, "percent_covered_display": "100", "missing_lines": 0, "excluded_lines": 0}, "missing_lines": [], "excluded_lines": []}}, "classes": {"BaseMetric": {"executed_lines": [20, 21, 39], "summary": {"covered_lines": 3, "num_statements": 4, "percent_covered": 75.0, "percent_covered_display": "75", "missing_lines": 1, "excluded_lines": 0}, "missing_lines": [35], "excluded_lines": []}, "": {"executed_lines": [1, 4, 5, 12, 23, 24, 37], "summary": {"covered_lines": 6, "num_statements": 6, "percent_covered": 100.0, "percent_covered_display": "100", "missing_lines": 0, "excluded_lines": 0}, "missing_lines": [], "excluded_lines": []}}}, "src\\metrics\\bus_factor_metric.py": {"executed_lines": [1, 5, 8, 9, 18, 19, 21, 33, 34, 35, 37, 40, 44, 45, 48, 50], "summary": {"covered_lines": 14, "num_statements": 16, "percent_covered": 87.5, "percent_covered_display": "88", "missing_lines": 2, "excluded_lines": 0}, "missing_lines": [41, 52], "excluded_lines": [], "functions": {"BusFactorMetric.__init__": {"executed_lines": [19], "summary": {"covered_lines": 1, "num_statements": 1, "percent_covered": 100.0, "percent_covered_display": "100", "missing_lines": 0, "excluded_lines": 0}, "missing_lines": [], "excluded_lines": []}, "BusFactorMetric.evaluate": {"executed_lines": [33, 34, 35, 37, 40, 44, 45, 48], "summary": {"covered_lines": 8, "num_statements": 9, "percent_covered": 88.88888888888889, "percent_covered_display": "89", "missing_lines": 1, "excluded_lines": 0}, "missing_lines": [41], "excluded_lines": []}, "BusFactorMetric.get_description": {"executed_lines": [], "summary": {"covered_lines": 0, "num_statements": 1, "percent_covered": 0.0, "percent_covered_display": "0", "missing_lines": 1, "excluded_lines": 0}, "missing_lines": [52], "excluded_lines": []}, "": {"executed_lines": [1, 5, 8, 9, 18, 21, 50], "summary": {"covered_lines": 5, "num_statements": 5, "percent_covered": 100.0, "percent_covered_display": "100", "missing_lines": 0, "excluded_lines": 0}, "missing_lines": [], "excluded_lines": []}}, "classes": {"BusFactorMetric": {"executed_lines": [19, 33, 34, 35, 37, 40, 44, 45, 48], "summary": {"covered_lines": 9, "num_statements": 11, "percent_covered": 81.81818181818181, "percent_covered_display": "82", "missing_lines": 2, "excluded_lines": 0}, "missing_lines": [41, 52], "excluded_lines": []}, "": {"executed_lines": [1, 5, 8, 9, 18, 21, 50], "summary": {"covered_lines": 5, "num_statements": 5, "percent_covered": 100.0, "percent_covered_display": "100", "missing_lines": 0, "excluded_lines": 0}, "missing_lines": [], "excluded_lines": []}}}, "src\\metrics\\code_quality_metric.py": {"executed_lines": [1, 5, 8, 9, 16, 17, 19, 31, 32, 33, 34, 36, 38, 39, 41, 43, 44, 47, 48, 50, 52], "summary": {"covered_lines": 19, "num_statements": 20, "percent_covered": 95.0, "percent_covered_display": "95", "missing_lines": 1, "excluded_lines": 0}, "missing_lines": [54], "excluded_lines": [], "functions": {"CodeQualityMetric.__init__": {"executed_lines": [17], "summary": {"covered_lines": 1, "num_statements": 1, "percent_covered": 100.0, "percent_covered_display": "100", "missing_lines": 0, "excluded_lines": 0}, "missing_lines": [], "excluded_lines": []}, "CodeQualityMetric.evaluate": {"executed_lines": [31, 32, 33, 34, 36, 38, 39, 41, 43, 44, 47, 48, 50], "summary": {"covered_lines": 13, "num_statements": 13, "percent_covered": 100.0, "percent_covered_display": "100", "missing_lines": 0, "excluded_lines": 0}, "missing_lines": [], "excluded_lines": []}, "CodeQualityMetric.get_description": {"executed_lines": [], "summary": {"covered_lines": 0, "num_statements": 1, "percent_covered": 0.0, "percent_covered_display": "0", "missing_lines": 1, "excluded_lines": 0}, "missing_lines": [54], "excluded_lines": []}, "": {"executed_lines": [1, 5, 8, 9, 16, 19, 52], "summary": {"covered_lines": 5, "num_statements": 5, "percent_covered": 100.0, "percent_covered_display": "100", "missing_lines": 0, "excluded_lines": 0}, "missing_lines": [], "excluded_lines": []}}, "classes": {"CodeQualityMetric": {"executed_lines": [17, 31, 32, 33, 34, 36, 38, 39, 41, 43, 44, 47, 48, 50], "summary": {"covered_lines": 14, "num_statements": 15, "percent_covered": 93.33333333333333, "percent_covered_display": "93", "missing_lines": 1, "excluded_lines": 0}, "missing_lines": [54], "excluded_lines": []}, "": {"executed_lines": [1, 5, 8, 9, 16, 19, 52], "summary": {"covered_lines": 5, "num_statements": 5, "percent_covered": 100.0, "percent_covered_display": "100", "missing_lines": 0, "excluded_lines": 0}, "missing_lines": [], "excluded_lines": []}}}, "src\\metrics\\community_rating_metric.py": {"executed_lines": [1, 2, 5, 6, 17, 24, 26, 39, 40, 42, 43, 46, 50, 51, 52, 55, 56, 57, 60, 62, 64], "summary": {"covered_lines": 20, "num_statements": 22, "percent_covered": 90.9090909090909, "percent_covered_display": "91", "missing_lines": 2, "excluded_lines": 0}, "missing_lines": [47, 71], "excluded_lines": [], "functions": {"CommunityRatingMetric.__init__": {"executed_lines": [24], "summary": {"covered_lines": 1, "num_statements": 1, "percent_covered": 100.0, "percent_covered_display": "100", "missing_lines": 0, "excluded_lines": 0}, "missing_lines": [], "excluded_lines": []}, "CommunityRatingMetric.evaluate": {"executed_lines": [39, 40, 42, 43, 46, 50, 51, 52, 55, 56, 57, 60, 62], "summary": {"covered_lines": 13, "num_statements": 14, "percent_covered": 92.85714285714286, "percent_covered_display": "93", "missing_lines": 1, "excluded_lines": 0}, "missing_lines": [47], "excluded_lines": []}, "CommunityRatingMetric.get_description": {"executed_lines": [], "summary": {"covered_lines": 0, "num_statements": 1, "percent_covered": 0.0, "percent_covered_display": "0", "missing_lines": 1, "excluded_lines": 0}, "missing_lines": [71], "excluded_lines": []}, "": {"executed_lines": [1, 2, 5, 6, 17, 26, 64], "summary": {"covered_lines": 6, "num_statements": 6, "percent_covered": 100.0, "percent_covered_display": "100", "missing_lines": 0, "excluded_lines": 0}, "missing_lines": [], "excluded_lines": []}}, "classes": {"CommunityRatingMetric": {"executed_lines": [24, 39, 40, 42, 43, 46, 50, 51, 52, 55, 56, 57, 60, 62], "summary": {"covered_lines": 14, "num_statements": 16, "percent_covered": 87.5, "percent_covered_display": "88", "missing_lines": 2, "excluded_lines": 0}, "missing_lines": [47, 71], "excluded_lines": []}, "": {"executed_lines": [1, 2, 5, 6, 17, 26, 64], "summary": {"covered_lines": 6, "num_statements": 6, "percent_covered": 100.0, "percent_covered_display": "100", "missing_lines": 0, "excluded_lines": 0}, "missing_lines": [], "excluded_lines": []}}}, "src\\metrics\\dataset_availability_metric.py": {"executed_lines": [1, 5, 8, 9, 17, 18, 20, 33, 34, 35, 37, 38, 40, 42, 43, 45, 46, 48, 50], "summary": {"covered_lines": 17, "num_statements": 18, "percent_covered": 94.44444444444444, "percent_covered_display": "94", "missing_lines": 1, "excluded_lines": 0}, "missing_lines": [52], "excluded_lines": [], "functions": {"DatasetAvailabilityMetric.__init__": {"executed_lines": [18], "summary": {"covered_lines": 1, "num_statements": 1, "percent_covered": 100.0, "percent_covered_display": "100", "missing_lines": 0, "excluded_lines": 0}, "missing_lines": [], "excluded_lines": []}, "DatasetAvailabilityMetric.evaluate": {"executed_lines": [33, 34, 35, 37, 38, 40, 42, 43, 45, 46, 48], "summary": {"covered_lines": 11, "num_statements": 11, "percent_covered": 100.0, "percent_covered_display": "100", "missing_lines": 0, "excluded_lines": 0}, "missing_lines": [], "excluded_lines": []}, "DatasetAvailabilityMetric.get_description": {"executed_lines": [], "summary": {"covered_lines": 0, "num_statements": 1, "percent_covered": 0.0, "percent_covered_display": "0", "missing_lines": 1, "excluded_lines": 0}, "missing_lines": [52], "excluded_lines": []}, "": {"executed_lines": [1, 5, 8, 9, 17, 20, 50], "summary": {"covered_lines": 5, "num_statements": 5, "percent_covered": 100.0, "percent_covered_display": "100", "missing_lines": 0, "excluded_lines": 0}, "missing_lines": [], "excluded_lines": []}}, "classes": {"DatasetAvailabilityMetric": {"executed_lines": [18, 33, 34, 35, 37, 38, 40, 42, 43, 45, 46, 48], "summary": {"covered_lines": 12, "num_statements": 13, "percent_covered": 92.3076923076923, "percent_covered_display": "92", "missing_lines": 1, "excluded_lines": 0}, "missing_lines": [52], "excluded_lines": []}, "": {"executed_lines": [1, 5, 8, 9, 17, 20, 50], "summary": {"covered_lines": 5, "num_statements": 5, "percent_covered": 100.0, "percent_covered_display": "100", "missing_lines": 0, "excluded_lines": 0}, "missing_lines": [], "excluded_lines": []}}}, "src\\metrics\\dataset_quality_metric.py": {"executed_lines": [1, 5, 8, 9, 16, 17, 19, 31, 32, 33, 35, 37, 38, 40, 41, 43, 45], "summary": {"covered_lines": 15, "num_statements": 16, "percent_covered": 93.75, "percent_covered_display": "94", "missing_lines": 1, "excluded_lines": 0}, "missing_lines": [47], "excluded_lines": [], "functions": {"DatasetQualityMetric.__init__": {"executed_lines": [17], "summary": {"covered_lines": 1, "num_statements": 1, "percent_covered": 100.0, "percent_covered_display": "100", "missing_lines": 0, "excluded_lines": 0}, "missing_lines": [], "excluded_lines": []}, "DatasetQualityMetric.evaluate": {"executed_lines": [31, 32, 33, 35, 37, 38, 40, 41, 43], "summary": {"covered_lines": 9, "num_statements": 9, "percent_covered": 100.0, "percent_covered_display": "100", "missing_lines": 0, "excluded_lines": 0}, "missing_lines": [], "excluded_lines": []}, "DatasetQualityMetric.get_description": {"executed_lines": [], "summary": {"covered_lines": 0, "num_statements": 1, "percent_covered": 0.0, "percent_covered_display": "0", "missing_lines": 1, "excluded_lines": 0}, "missing_lines": [47], "excluded_lines": []}, "": {"executed_lines": [1, 5, 8, 9, 16, 19, 45], "summary": {"covered_lines": 5, "num_statements": 5, "percent_covered": 100.0, "percent_covered_display": "100", "missing_lines": 0, "excluded_lines": 0}, "missing_lines": [], "excluded_lines": []}}, "classes": {"DatasetQualityMetric": {"executed_lines": [17, 31, 32, 33, 35, 37, 38, 40, 41, 43], "summary": {"covered_lines": 10, "num_statements": 11, "percent_covered": 90.9090909090909, "percent_covered_display": "91", "missing_lines": 1, "excluded_lines": 0}, "missing_lines": [47], "excluded_lines": []}, "": {"executed_lines": [1, 5, 8, 9, 16, 19, 45], "summary": {"covered_lines": 5, "num_statements": 5, "percent_covered": 100.0, "percent_covered_display": "100", "missing_lines": 0, "excluded_lines": 0}, "missing_lines": [], "excluded_lines": []}}}, "src\\metrics\\license_metric.py": {"executed_lines": [1, 5, 8, 9, 16, 18, 19, 21, 33, 34, 36], "summary": {"covered_lines": 9, "num_statements": 10, "percent_covered": 90.0, "percent_covered_display": "90", "missing_lines": 1, "excluded_lines": 0}, "missing_lines": [38], "excluded_lines": [], "functions": {"LicenseMetric.__init__": {"executed_lines": [19], "summary": {"covered_lines": 1, "num_statements": 1, "percent_covered": 100.0, "percent_covered_display": "100", "missing_lines": 0, "excluded_lines": 0}, "missing_lines": [], "excluded_lines": []}, "LicenseMetric.evaluate": {"executed_lines": [33, 34], "summary": {"covered_lines": 2, "num_statements": 2, "percent_covered": 100.0, "percent_covered_display": "100", "missing_lines": 0, "excluded_lines": 0}, "missing_lines": [], "excluded_lines": []}, "LicenseMetric.get_description": {"executed_lines": [], "summary": {"covered_lines": 0, "num_statements": 1, "percent_covered": 0.0, "percent_covered_display": "0", "missing_lines": 1, "excluded_lines": 0}, "missing_lines": [38], "excluded_lines": []}, "": {"executed_lines": [1, 5, 8, 9, 16, 18, 21, 36], "summary": {"covered_lines": 6, "num_statements": 6, "percent_covered": 100.0, "percent_covered_display": "100", "missing_lines": 0, "excluded_lines": 0}, "missing_lines": [], "excluded_lines": []}}, "classes": {"LicenseMetric": {"executed_lines": [19, 33, 34], "summary": {"covered_lines": 3, "num_statements": 4, "percent_covered": 75.0, "percent_covered_display": "75", "missing_lines": 1, "excluded_lines": 0}, "missing_lines": [38], "excluded_lines": []}, "": {"executed_lines": [1, 5, 8, 9, 16, 18, 21, 36], "summary": {"covered_lines": 6, "num_statements": 6, "percent_covered": 100.0, "percent_covered_display": "100", "missing_lines": 0, "excluded_lines": 0}, "missing_lines": [], "excluded_lines": []}}}, "src\\metrics\\performance_claims_metric.py": {"executed_lines": [1, 5, 8, 9, 16, 17, 19, 32, 33, 34, 35, 37, 39, 40, 42, 43, 45, 46, 48, 49, 51, 53], "summary": {"covered_lines": 20, "num_statements": 21, "percent_covered": 95.23809523809524, "percent_covered_display": "95", "missing_lines": 1, "excluded_lines": 0}, "missing_lines": [55], "excluded_lines": [], "functions": {"PerformanceClaimsMetric.__init__": {"executed_lines": [17], "summary": {"covered_lines": 1, "num_statements": 1, "percent_covered": 100.0, "percent_covered_display": "100", "missing_lines": 0, "excluded_lines": 0}, "missing_lines": [], "excluded_lines": []}, "PerformanceClaimsMetric.evaluate": {"executed_lines": [32, 33, 34, 35, 37, 39, 40, 42, 43, 45, 46, 48, 49, 51], "summary": {"covered_lines": 14, "num_statements": 14, "percent_covered": 100.0, "percent_covered_display": "100", "missing_lines": 0, "excluded_lines": 0}, "missing_lines": [], "excluded_lines": []}, "PerformanceClaimsMetric.get_description": {"executed_lines": [], "summary": {"covered_lines": 0, "num_statements": 1, "percent_covered": 0.0, "percent_covered_display": "0", "missing_lines": 1, "excluded_lines": 0}, "missing_lines": [55], "excluded_lines": []}, "": {"executed_lines": [1, 5, 8, 9, 16, 19, 53], "summary": {"covered_lines": 5, "num_statements": 5, "percent_covered": 100.0, "percent_covered_display": "100", "missing_lines": 0, "excluded_lines": 0}, "missing_lines": [], "excluded_lines": []}}, "classes": {"PerformanceClaimsMetric": {"executed_lines": [17, 32, 33, 34, 35, 37, 39, 40, 42, 43, 45, 46, 48, 49, 51], "summary": {"covered_lines": 15, "num_statements": 16, "percent_covered": 93.75, "percent_covered_display": "94", "missing_lines": 1, "excluded_lines": 0}, "missing_lines": [55], "excluded_lines": []}, "": {"executed_lines": [1, 5, 8, 9, 16, 19, 53], "summary": {"covered_lines": 5, "num_statements": 5, "percent_covered": 100.0, "percent_covered_display": "100", "missing_lines": 0, "excluded_lines": 0}, "missing_lines": [], "excluded_lines": []}}}, "src\\metrics\\ramp_up_time_metric.py": {"executed_lines": [1, 5, 8, 9, 17, 18, 20, 32, 33, 34, 36, 37, 38, 39, 40, 41, 42, 44, 46], "summary": {"covered_lines": 17, "num_statements": 18, "percent_covered": 94.44444444444444, "percent_covered_display": "94", "missing_lines": 1, "excluded_lines": 0}, "missing_lines": [48], "excluded_lines": [], "functions": {"RampUpTimeMetric.__init__": {"executed_lines": [18], "summary": {"covered_lines": 1, "num_statements": 1, "percent_covered": 100.0, "percent_covered_display": "100", "missing_lines": 0, "excluded_lines": 0}, "missing_lines": [], "excluded_lines": []}, "RampUpTimeMetric.evaluate": {"executed_lines": [32, 33, 34, 36, 37, 38, 39, 40, 41, 42, 44], "summary": {"covered_lines": 11, "num_statements": 11, "percent_covered": 100.0, "percent_covered_display": "100", "missing_lines": 0, "excluded_lines": 0}, "missing_lines": [], "excluded_lines": []}, "RampUpTimeMetric.get_description": {"executed_lines": [], "summary": {"covered_lines": 0, "num_statements": 1, "percent_covered": 0.0, "percent_covered_display": "0", "missing_lines": 1, "excluded_lines": 0}, "missing_lines": [48], "excluded_lines": []}, "": {"executed_lines": [1, 5, 8, 9, 17, 20, 46], "summary": {"covered_lines": 5, "num_statements": 5, "percent_covered": 100.0, "percent_covered_display": "100", "missing_lines": 0, "excluded_lines": 0}, "missing_lines": [], "excluded_lines": []}}, "classes": {"RampUpTimeMetric": {"executed_lines": [18, 32, 33, 34, 36, 37, 38, 39, 40, 41, 42, 44], "summary": {"covered_lines": 12, "num_statements": 13, "percent_covered": 92.3076923076923, "percent_covered_display": "92", "missing_lines": 1, "excluded_lines": 0}, "missing_lines": [48], "excluded_lines": []}, "": {"executed_lines": [1, 5, 8, 9, 17, 20, 46], "summary": {"covered_lines": 5, "num_statements": 5, "percent_covered": 100.0, "percent_covered_display": "100", "missing_lines": 0, "excluded_lines": 0}, "missing_lines": [], "excluded_lines": []}}}, "src\\metrics\\size_metric.py": {"executed_lines": [1, 5, 8, 9, 16, 17, 19, 31, 33, 34, 35, 36, 40], "summary": {"covered_lines": 11, "num_statements": 13, "percent_covered": 84.61538461538461, "percent_covered_display": "85", "missing_lines": 2, "excluded_lines": 0}, "missing_lines": [38, 42], "excluded_lines": [], "functions": {"SizeMetric.__init__": {"executed_lines": [17], "summary": {"covered_lines": 1, "num_statements": 1, "percent_covered": 100.0, "percent_covered_display": "100", "missing_lines": 0, "excluded_lines": 0}, "missing_lines": [], "excluded_lines": []}, "SizeMetric.evaluate": {"executed_lines": [31, 33, 34, 35, 36], "summary": {"covered_lines": 5, "num_statements": 6, "percent_covered": 83.33333333333333, "percent_covered_display": "83", "missing_lines": 1, "excluded_lines": 0}, "missing_lines": [38], "excluded_lines": []}, "SizeMetric.get_description": {"executed_lines": [], "summary": {"covered_lines": 0, "num_statements": 1, "percent_covered": 0.0, "percent_covered_display": "0", "missing_lines": 1, "excluded_lines": 0}, "missing_lines": [42], "excluded_lines": []}, "": {"executed_lines": [1, 5, 8, 9, 16, 19, 40], "summary": {"covered_lines": 5, "num_statements": 5, "percent_covered": 100.0, "percent_covered_display": "100", "missing_lines": 0, "excluded_lines": 0}, "missing_lines": [], "excluded_lines": []}}, "classes": {"SizeMetric": {"executed_lines": [17, 31, 33, 34, 35, 36], "summary": {"covered_lines": 6, "num_statements": 8, "percent_covered": 75.0, "percent_covered_display": "75", "missing_lines": 2, "excluded_lines": 0}, "missing_lines": [38, 42], "excluded_lines": []}, "": {"executed_lines": [1, 5, 8, 9, 16, 19, 40], "summary": {"covered_lines": 5, "num_statements": 5, "percent_covered": 100.0, "percent_covered_display": "100", "missing_lines": 0, "excluded_lines": 0}, "missing_lines": [], "excluded_lines": []}}}, "src\\net_scorer.py": {"executed_lines": [1, 8, 9, 12, 13, 20, 35, 36, 37, 38, 40, 48, 52, 53, 57, 63, 65, 73, 75, 82, 83, 84, 85, 87, 89, 96, 98, 100, 101, 104, 106], "summary": {"covered_lines": 29, "num_statements": 29, "percent_covered": 100.0, "percent_covered_display": "100", "missing_lines": 0, "excluded_lines": 0}, "missing_lines": [], "excluded_lines": [], "functions": {"NetScorer.__init__": {"executed_lines": [35, 36, 37, 38], "summary": {"covered_lines": 4, "num_statements": 4, "percent_covered": 100.0, "percent_covered_display": "100", "missing_lines": 0, "excluded_lines": 0}, "missing_lines": [], "excluded_lines": []}, "NetScorer.compute_net_score": {"executed_lines": [48, 52, 53, 57, 63], "summary": {"covered_lines": 5, "num_statements": 5, "percent_covered": 100.0, "percent_covered_display": "100", "missing_lines": 0, "excluded_lines": 0}, "missing_lines": [], "excluded_lines": []}, "NetScorer.to_ndjson": {"executed_lines": [73, 75, 82, 83, 84, 85, 87], "summary": {"covered_lines": 7, "num_statements": 7, "percent_covered": 100.0, "percent_covered_display": "100", "missing_lines": 0, "excluded_lines": 0}, "missing_lines": [], "excluded_lines": []}, "NetScorer.to_ndjson_string": {"executed_lines": [96], "summary": {"covered_lines": 1, "num_statements": 1, "percent_covered": 100.0, "percent_covered_display": "100", "missing_lines": 0, "excluded_lines": 0}, "missing_lines": [], "excluded_lines": []}, "NetScorer.__str__": {"executed_lines": [100, 101], "summary": {"covered_lines": 2, "num_statements": 2, "percent_covered": 100.0, "percent_covered_display": "100", "missing_lines": 0, "excluded_lines": 0}, "missing_lines": [], "excluded_lines": []}, "NetScorer.__repr__": {"executed_lines": [106], "summary": {"covered_lines": 1, "num_statements": 1, "percent_covered": 100.0, "percent_covered_display": "100", "missing_lines": 0, "excluded_lines": 0}, "missing_lines": [], "excluded_lines": []}, "": {"executed_lines": [1, 8, 9, 12, 13, 20, 40, 65, 89, 98, 104], "summary": {"covered_lines": 9, "num_statements": 9, "percent_covered": 100.0, "percent_covered_display": "100", "missing_lines": 0, "excluded_lines": 0}, "missing_lines": [], "excluded_lines": []}}, "classes": {"NetScorer": {"executed_lines": [35, 36, 37, 38, 48, 52, 53, 57, 63, 73, 75, 82, 83, 84, 85, 87, 96, 100, 101, 106], "summary": {"covered_lines": 20, "num_statements": 20, "percent_covered": 100.0, "percent_covered_display": "100", "missing_lines": 0, "excluded_lines": 0}, "missing_lines": [], "excluded_lines": []}, "": {"executed_lines": [1, 8, 9, 12, 13, 20, 40, 65, 89, 98, 104], "summary": {"covered_lines": 9, "num_statements": 9, "percent_covered": 100.0, "percent_covered_display": "100", "missing_lines": 0, "excluded_lines": 0}, "missing_lines": [], "excluded_lines": []}}}, "src\\repo_context.py": {"executed_lines": [1, 2, 3, 5, 8, 9, 10, 11, 12, 13, 16, 17, 18, 24, 25, 26, 27, 30, 31, 34, 35, 36, 39, 40, 41, 42, 43, 44, 45, 46, 47, 50, 51, 54, 55, 58, 59, 60, 63, 76, 77, 83, 84, 92, 93, 99, 100, 101, 102, 103, 115, 117, 118, 119, 120, 121, 123, 125, 127, 133, 134, 135, 137, 142, 146, 148, 149, 151, 155, 157, 159, 160, 162, 164], "summary": {"covered_lines": 72, "num_statements": 91, "percent_covered": 79.12087912087912, "percent_covered_display": "79", "missing_lines": 19, "excluded_lines": 0}, "missing_lines": [85, 86, 87, 88, 89, 90, 104, 106, 107, 108, 109, 110, 111, 113, 136, 150, 154, 161, 163], "excluded_lines": [], "functions": {"RepoContext._canon_dataset_key": {"executed_lines": [83, 84], "summary": {"covered_lines": 2, "num_statements": 8, "percent_covered": 25.0, "percent_covered_display": "25", "missing_lines": 6, "excluded_lines": 0}, "missing_lines": [85, 86, 87, 88, 89, 90], "excluded_lines": []}, "RepoContext._canon_code_key": {"executed_lines": [99, 100, 101, 102, 103], "summary": {"covered_lines": 5, "num_statements": 13, "percent_covered": 38.46153846153846, "percent_covered_display": "38", "missing_lines": 8, "excluded_lines": 0}, "missing_lines": [104, 106, 107, 108, 109, 110, 111, 113], "excluded_lines": []}, "RepoContext.total_weight_bytes": {"executed_lines": [117, 118, 119, 120, 121], "summary": {"covered_lines": 5, "num_statements": 5, "percent_covered": 100.0, "percent_covered_display": "100", "missing_lines": 0, "excluded_lines": 0}, "missing_lines": [], "excluded_lines": []}, "RepoContext.total_weight_gb": {"executed_lines": [125], "summary": {"covered_lines": 1, "num_statements": 1, "percent_covered": 100.0, "percent_covered_display": "100", "missing_lines": 0, "excluded_lines": 0}, "missing_lines": [], "excluded_lines": []}, "RepoContext.add_files": {"executed_lines": [133, 134, 135, 137, 142], "summary": {"covered_lines": 5, "num_statements": 6, "percent_covered": 83.33333333333333, "percent_covered_display": "83", "missing_lines": 1, "excluded_lines": 0}, "missing_lines": [136], "excluded_lines": []}, "RepoContext.link_dataset": {"executed_lines": [148, 149, 151, 155], "summary": {"covered_lines": 4, "num_statements": 6, "percent_covered": 66.66666666666667, "percent_covered_display": "67", "missing_lines": 2, "excluded_lines": 0}, "missing_lines": [150, 154], "excluded_lines": []}, "RepoContext.link_code": {"executed_lines": [159, 160, 162, 164], "summary": {"covered_lines": 4, "num_statements": 6, "percent_covered": 66.66666666666667, "percent_covered_display": "67", "missing_lines": 2, "excluded_lines": 0}, "missing_lines": [161, 163], "excluded_lines": []}, "": {"executed_lines": [1, 2, 3, 5, 8, 9, 10, 11, 12, 13, 16, 17, 18, 24, 25, 26, 27, 30, 31, 34, 35, 36, 39, 40, 41, 42, 43, 44, 45, 46, 47, 50, 51, 54, 55, 58, 59, 60, 63, 76, 77, 92, 93, 115, 123, 127, 146, 157], "summary": {"covered_lines": 46, "num_statements": 46, "percent_covered": 100.0, "percent_covered_display": "100", "missing_lines": 0, "excluded_lines": 0}, "missing_lines": [], "excluded_lines": []}}, "classes": {"FileInfo": {"executed_lines": [], "summary": {"covered_lines": 0, "num_statements": 0, "percent_covered": 100.0, "percent_covered_display": "100", "missing_lines": 0, "excluded_lines": 0}, "missing_lines": [], "excluded_lines": []}, "RepoContext": {"executed_lines": [83, 84, 99, 100, 101, 102, 103, 117, 118, 119, 120, 121, 125, 133, 134, 135, 137, 142, 148, 149, 151, 155, 159, 160, 162, 164], "summary": {"covered_lines": 26, "num_statements": 45, "percent_covered": 57.77777777777778, "percent_covered_display": "58", "missing_lines": 19, "excluded_lines": 0}, "missing_lines": [85, 86, 87, 88, 89, 90, 104, 106, 107, 108, 109, 110, 111, 113, 136, 150, 154, 161, 163], "excluded_lines": []}, "": {"executed_lines": [1, 2, 3, 5, 8, 9, 10, 11, 12, 13, 16, 17, 18, 24, 25, 26, 27, 30, 31, 34, 35, 36, 39, 40, 41, 42, 43, 44, 45, 46, 47, 50, 51, 54, 55, 58, 59, 60, 63, 76, 77, 92, 93, 115, 123, 127, 146, 157], "summary": {"covered_lines": 46, "num_statements": 46, "percent_covered": 100.0, "percent_covered_display": "100", "missing_lines": 0, "excluded_lines": 0}, "missing_lines": [], "excluded_lines": []}}}, "src\\run_test.py": {"executed_lines": [1, 5, 6, 7, 8, 9, 10, 13, 14, 20, 24, 25, 26, 27, 28, 29, 30, 31, 34, 35, 37, 44, 45, 46, 48, 62, 72, 75, 78, 80, 82, 91, 94, 97, 101, 113, 114, 137, 139, 140, 141, 143, 144, 145, 149, 151, 153, 154, 156, 157, 158, 159, 160, 161, 162, 165, 166, 167, 168, 171, 172, 173, 176, 178, 180, 182, 184, 185, 186, 187, 190, 191, 192, 194, 196, 198, 201, 202, 219, 221, 223, 241, 243, 248, 254, 277, 279, 281, 283, 284, 286, 288, 291, 293, 295, 305, 308, 312, 313, 314, 315, 316, 317, 320, 321, 323, 326], "summary": {"covered_lines": 104, "num_statements": 135, "percent_covered": 77.03703703703704, "percent_covered_display": "77", "missing_lines": 31, "excluded_lines": 0}, "missing_lines": [73, 125, 126, 146, 147, 163, 164, 169, 170, 174, 175, 245, 246, 250, 251, 252, 256, 264, 265, 272, 273, 274, 296, 297, 298, 299, 301, 302, 303, 306, 327], "excluded_lines": [], "functions": {"TestExecutionResult.__init__": {"executed_lines": [24, 25, 26, 27, 28, 29, 30, 31], "summary": {"covered_lines": 8, "num_statements": 8, "percent_covered": 100.0, "percent_covered_display": "100", "missing_lines": 0, "excluded_lines": 0}, "missing_lines": [], "excluded_lines": []}, "RunTest.__init__": {"executed_lines": [44, 45, 46], "summary": {"covered_lines": 3, "num_statements": 3, "percent_covered": 100.0, "percent_covered_display": "100", "missing_lines": 0, "excluded_lines": 0}, "missing_lines": [], "excluded_lines": []}, "RunTest.run_tests_with_coverage": {"executed_lines": [62, 72, 75, 78, 80, 82, 91, 94, 97, 101, 113, 114], "summary": {"covered_lines": 12, "num_statements": 15, "percent_covered": 80.0, "percent_covered_display": "80", "missing_lines": 3, "excluded_lines": 0}, "missing_lines": [73, 125, 126], "excluded_lines": []}, "RunTest._parse_coverage_report": {"executed_lines": [139, 140, 141, 143, 144, 145], "summary": {"covered_lines": 6, "num_statements": 8, "percent_covered": 75.0, "percent_covered_display": "75", "missing_lines": 2, "excluded_lines": 0}, "missing_lines": [146, 147], "excluded_lines": []}, "RunTest._parse_test_output": {"executed_lines": [151, 153, 154, 156, 157, 158, 159, 160, 161, 162, 165, 166, 167, 168, 171, 172, 173, 176, 178], "summary": {"covered_lines": 19, "num_statements": 25, "percent_covered": 76.0, "percent_covered_display": "76", "missing_lines": 6, "excluded_lines": 0}, "missing_lines": [163, 164, 169, 170, 174, 175], "excluded_lines": []}, "RunTest._extract_file_coverage": {"executed_lines": [182, 184, 185, 186, 187, 190, 191, 192, 194, 196], "summary": {"covered_lines": 10, "num_statements": 10, "percent_covered": 100.0, "percent_covered_display": "100", "missing_lines": 0, "excluded_lines": 0}, "missing_lines": [], "excluded_lines": []}, "RunTest._generate_ndjson_output": {"executed_lines": [201, 202, 219], "summary": {"covered_lines": 3, "num_statements": 3, "percent_covered": 100.0, "percent_covered_display": "100", "missing_lines": 0, "excluded_lines": 0}, "missing_lines": [], "excluded_lines": []}, "RunTest._generate_error_ndjson": {"executed_lines": [223, 241], "summary": {"covered_lines": 2, "num_statements": 2, "percent_covered": 100.0, "percent_covered_display": "100", "missing_lines": 0, "excluded_lines": 0}, "missing_lines": [], "excluded_lines": []}, "RunTest.run_specific_tests": {"executed_lines": [], "summary": {"covered_lines": 0, "num_statements": 2, "percent_covered": 0.0, "percent_covered_display": "0", "missing_lines": 2, "excluded_lines": 0}, "missing_lines": [245, 246], "excluded_lines": []}, "RunTest.run_with_markers": {"executed_lines": [], "summary": {"covered_lines": 0, "num_statements": 3, "percent_covered": 0.0, "percent_covered_display": "0", "missing_lines": 3, "excluded_lines": 0}, "missing_lines": [250, 251, 252], "excluded_lines": []}, "RunTest.generate_html_coverage_report": {"executed_lines": [], "summary": {"covered_lines": 0, "num_statements": 6, "percent_covered": 0.0, "percent_covered_display": "0", "missing_lines": 6, "excluded_lines": 0}, "missing_lines": [256, 264, 265, 272, 273, 274], "excluded_lines": []}, "main": {"executed_lines": [279, 281, 283, 284, 286, 288, 291, 293, 295, 305, 308, 312, 313, 314, 315, 316, 317, 320, 321, 323], "summary": {"covered_lines": 20, "num_statements": 28, "percent_covered": 71.42857142857143, "percent_covered_display": "71", "missing_lines": 8, "excluded_lines": 0}, "missing_lines": [296, 297, 298, 299, 301, 302, 303, 306], "excluded_lines": []}, "": {"executed_lines": [1, 5, 6, 7, 8, 9, 10, 13, 14, 20, 34, 35, 37, 48, 137, 149, 180, 198, 221, 243, 248, 254, 277, 326], "summary": {"covered_lines": 21, "num_statements": 22, "percent_covered": 95.45454545454545, "percent_covered_display": "95", "missing_lines": 1, "excluded_lines": 0}, "missing_lines": [327], "excluded_lines": []}}, "classes": {"TestExecutionResult": {"executed_lines": [24, 25, 26, 27, 28, 29, 30, 31], "summary": {"covered_lines": 8, "num_statements": 8, "percent_covered": 100.0, "percent_covered_display": "100", "missing_lines": 0, "excluded_lines": 0}, "missing_lines": [], "excluded_lines": []}, "RunTest": {"executed_lines": [44, 45, 46, 62, 72, 75, 78, 80, 82, 91, 94, 97, 101, 113, 114, 139, 140, 141, 143, 144, 145, 151, 153, 154, 156, 157, 158, 159, 160, 161, 162, 165, 166, 167, 168, 171, 172, 173, 176, 178, 182, 184, 185, 186, 187, 190, 191, 192, 194, 196, 201, 202, 219, 223, 241], "summary": {"covered_lines": 55, "num_statements": 77, "percent_covered": 71.42857142857143, "percent_covered_display": "71", "missing_lines": 22, "excluded_lines": 0}, "missing_lines": [73, 125, 126, 146, 147, 163, 164, 169, 170, 174, 175, 245, 246, 250, 251, 252, 256, 264, 265, 272, 273, 274], "excluded_lines": []}, "": {"executed_lines": [1, 5, 6, 7, 8, 9, 10, 13, 14, 20, 34, 35, 37, 48, 137, 149, 180, 198, 221, 243, 248, 254, 277, 279, 281, 283, 284, 286, 288, 291, 293, 295, 305, 308, 312, 313, 314, 315, 316, 317, 320, 321, 323, 326], "summary": {"covered_lines": 41, "num_statements": 50, "percent_covered": 82.0, "percent_covered_display": "82", "missing_lines": 9, "excluded_lines": 0}, "missing_lines": [296, 297, 298, 299, 301, 302, 303, 306, 327], "excluded_lines": []}}}, "src\\url_router.py": {"executed_lines": [1, 2, 3, 4, 7, 8, 12, 13, 14, 15, 18, 19, 20, 30, 31, 32, 33, 36, 37, 39, 47, 55, 64, 65, 67, 68, 70, 72, 74, 76, 77, 79, 80, 81, 82, 88, 89, 90, 91, 97, 98, 99, 100, 101, 107, 109, 111, 112, 114, 116, 117, 119, 124, 125], "summary": {"covered_lines": 51, "num_statements": 51, "percent_covered": 100.0, "percent_covered_display": "100", "missing_lines": 0, "excluded_lines": 0}, "missing_lines": [], "excluded_lines": [], "functions": {"UrlRouter.strip_query": {"executed_lines": [67, 68], "summary": {"covered_lines": 2, "num_statements": 2, "percent_covered": 100.0, "percent_covered_display": "100", "missing_lines": 0, "excluded_lines": 0}, "missing_lines": [], "excluded_lines": []}, "UrlRouter.classify": {"executed_lines": [72], "summary": {"covered_lines": 1, "num_statements": 1, "percent_covered": 100.0, "percent_covered_display": "100", "missing_lines": 0, "excluded_lines": 0}, "missing_lines": [], "excluded_lines": []}, "UrlRouter.parse": {"executed_lines": [76, 77, 79, 80, 81, 82, 88, 89, 90, 91, 97, 98, 99, 100, 101, 107], "summary": {"covered_lines": 16, "num_statements": 16, "percent_covered": 100.0, "percent_covered_display": "100", "missing_lines": 0, "excluded_lines": 0}, "missing_lines": [], "excluded_lines": []}, "UrlRouter.parse_hf_model_id": {"executed_lines": [111, 112], "summary": {"covered_lines": 2, "num_statements": 2, "percent_covered": 100.0, "percent_covered_display": "100", "missing_lines": 0, "excluded_lines": 0}, "missing_lines": [], "excluded_lines": []}, "UrlRouter.parse_hf_dataset_id": {"executed_lines": [116, 117], "summary": {"covered_lines": 2, "num_statements": 2, "percent_covered": 100.0, "percent_covered_display": "100", "missing_lines": 0, "excluded_lines": 0}, "missing_lines": [], "excluded_lines": []}, "UrlRouter.parse_github_owner_repo": {"executed_lines": [124, 125], "summary": {"covered_lines": 2, "num_statements": 2, "percent_covered": 100.0, "percent_covered_display": "100", "missing_lines": 0, "excluded_lines": 0}, "missing_lines": [], "excluded_lines": []}, "": {"executed_lines": [1, 2, 3, 4, 7, 8, 12, 13, 14, 15, 18, 19, 20, 30, 31, 32, 33, 36, 37, 39, 47, 55, 64, 65, 70, 74, 109, 114, 119], "summary": {"covered_lines": 26, "num_statements": 26, "percent_covered": 100.0, "percent_covered_display": "100", "missing_lines": 0, "excluded_lines": 0}, "missing_lines": [], "excluded_lines": []}}, "classes": {"UrlType": {"executed_lines": [], "summary": {"covered_lines": 0, "num_statements": 0, "percent_covered": 100.0, "percent_covered_display": "100", "missing_lines": 0, "excluded_lines": 0}, "missing_lines": [], "excluded_lines": []}, "ParsedUrl": {"executed_lines": [], "summary": {"covered_lines": 0, "num_statements": 0, "percent_covered": 100.0, "percent_covered_display": "100", "missing_lines": 0, "excluded_lines": 0}, "missing_lines": [], "excluded_lines": []}, "UrlRouter": {"executed_lines": [67, 68, 72, 76, 77, 79, 80, 81, 82, 88, 89, 90, 91, 97, 98, 99, 100, 101, 107, 111, 112, 116, 117, 124, 125], "summary": {"covered_lines": 25, "num_statements": 25, "percent_covered": 100.0, "percent_covered_display": "100", "missing_lines": 0, "excluded_lines": 0}, "missing_lines": [], "excluded_lines": []}, "": {"executed_lines": [1, 2, 3, 4, 7, 8, 12, 13, 14, 15, 18, 19, 20, 30, 31, 32, 33, 36, 37, 39, 47, 55, 64, 65, 70, 74, 109, 114, 119], "summary": {"covered_lines": 26, "num_statements": 26, "percent_covered": 100.0, "percent_covered_display": "100", "missing_lines": 0, "excluded_lines": 0}, "missing_lines": [], "excluded_lines": []}}}}, "totals": {"covered_lines": 701, "num_statements": 865, "percent_covered": 81.04046242774567, "percent_covered_display": "81", "missing_lines": 164, "excluded_lines": 0}}